Saved snapshot #1

  Transaction: 0x54c434904de82604ce863ea24679976381a2a06dd02aa7f34203ed1e7e57ef42
  Contract created: 0x1dc4c1cefef38a777b15aa20260a54e584b16c48
  Gas usage: 1085277
  Block Number: 1
  Block Time: Tue Feb 19 2019 11:12:02 GMT-0800 (PST)


  Transaction: 0xdff0458b588449813bac614bba6de6825ec719acbd111a8e9116bb7521e979a7
  Gas usage: 64838
  Block Number: 2
  Block Time: Tue Feb 19 2019 11:12:02 GMT-0800 (PST)

Saved snapshot #2
Reverting to snapshot #2
Saved snapshot #2

  Transaction: 0x35c5731a3f27e6427215640c816d7712b38b5a63e5cc64571d1b7599bcc917e1
  Gas usage: 51280
  Block Number: 3
  Block Time: Tue Feb 19 2019 11:12:02 GMT-0800 (PST)

Reverting to snapshot #2
Saved snapshot #2
Reverting to snapshot #2
Saved snapshot #2

  Transaction: 0xcff996c9343cb34e9b713428de95ad76910aa9bd50143c95227a66684580b809
  Gas usage: 45600
  Block Number: 3
  Block Time: Tue Feb 19 2019 11:12:02 GMT-0800 (PST)

Reverting to snapshot #2
Saved snapshot #2
Reverting to snapshot #2
Saved snapshot #2
Reverting to snapshot #2
Saved snapshot #2

  Transaction: 0x7ebbb466acf5d8a90b754226e684cc76cbc5055dd6920dec7781a067429971d5
  Gas usage: 47072
  Block Number: 3
  Block Time: Tue Feb 19 2019 11:12:02 GMT-0800 (PST)


  Transaction: 0xe72b4b387a85bc5fd9fc6b0377046b82a2652fc44cc6e75cb4f19c25526edfe2
  Gas usage: 38433
  Block Number: 4
  Block Time: Tue Feb 19 2019 11:12:02 GMT-0800 (PST)

Reverting to snapshot #2
Saved snapshot #2

  Transaction: 0xa7405056db3106d2ec1f2278d57ee8b490cfbade4db1e4ec1b512218a533e4ed
  Gas usage: 45536
  Block Number: 3
  Block Time: Tue Feb 19 2019 11:12:02 GMT-0800 (PST)


  Transaction: 0xe72b4b387a85bc5fd9fc6b0377046b82a2652fc44cc6e75cb4f19c25526edfe2
  Gas usage: 29399
  Block Number: 4
  Block Time: Tue Feb 19 2019 11:12:02 GMT-0800 (PST)

Reverting to snapshot #2
Saved snapshot #2

  Transaction: 0xa7405056db3106d2ec1f2278d57ee8b490cfbade4db1e4ec1b512218a533e4ed
  Gas usage: 45536
  Block Number: 3
  Block Time: Tue Feb 19 2019 11:12:02 GMT-0800 (PST)


  Transaction: 0xe72b4b387a85bc5fd9fc6b0377046b82a2652fc44cc6e75cb4f19c25526edfe2
  Gas usage: 29399
  Block Number: 4
  Block Time: Tue Feb 19 2019 11:12:02 GMT-0800 (PST)

Reverting to snapshot #2
Reverting to snapshot #1
Saved snapshot #1

  Transaction: 0x122848002ef1b317f56ba3fe36e8ee6d7c91f2f891eae9f58fab51dc6be9cb84
  Contract created: 0x1dc4c1cefef38a777b15aa20260a54e584b16c48
  Gas usage: 636596
  Block Number: 1
  Block Time: Tue Feb 19 2019 11:12:02 GMT-0800 (PST)

Saved snapshot #2
Reverting to snapshot #2
Saved snapshot #2

  Transaction: 0xe75cf2892de436dcb9ba1f21a8b3f3d5e214f2a055fe1a8e251fca426b98ef25
  Gas usage: 43314
  Block Number: 2
  Block Time: Tue Feb 19 2019 11:12:03 GMT-0800 (PST)

Reverting to snapshot #2
Saved snapshot #2

  Transaction: 0xba54651c29c80181cef9bb4618d506d211f6603afd60697226c32775500c0bee
  Gas usage: 21978
  Block Number: 2
  Block Time: Tue Feb 19 2019 11:12:03 GMT-0800 (PST)
  Runtime Error: revert

Reverting to snapshot #2
Saved snapshot #2

  Transaction: 0xe75cf2892de436dcb9ba1f21a8b3f3d5e214f2a055fe1a8e251fca426b98ef25
  Gas usage: 43314
  Block Number: 2
  Block Time: Tue Feb 19 2019 11:12:03 GMT-0800 (PST)


  Transaction: 0x2513f3155461f9329c31f193e236ce4278e5c3865d1d86b98b94d5e34e792535
  Gas usage: 21519
  Block Number: 3
  Block Time: Tue Feb 19 2019 11:12:03 GMT-0800 (PST)

Reverting to snapshot #2
Saved snapshot #2

  Transaction: 0x4793a093768397ae49a21856c48b0f9cbc0732f31664efdc7ef2cd83db4a68f9
  Gas usage: 42802
  Block Number: 2
  Block Time: Tue Feb 19 2019 11:12:03 GMT-0800 (PST)

Reverting to snapshot #2
Reverting to snapshot #1
Saved snapshot #1

  Transaction: 0x5bb72e51f4c16020c96ca650167af64a7a4d7e61ce1ac33f4c75a6192df5f5f2
  Contract created: 0x1dc4c1cefef38a777b15aa20260a54e584b16c48
  Gas usage: 610136
  Block Number: 1
  Block Time: Tue Feb 19 2019 11:12:03 GMT-0800 (PST)

Saved snapshot #2
Reverting to snapshot #2
Saved snapshot #2
Reverting to snapshot #2
Saved snapshot #2
Reverting to snapshot #2
Saved snapshot #2
Reverting to snapshot #2
Saved snapshot #2
Reverting to snapshot #2
Saved snapshot #2

  Transaction: 0x35ec14c7dc56bd41af5eed8f3619fb1ea4b91b30eb817c58badb9e1945830199
  Gas usage: 51265
  Block Number: 2
  Block Time: Tue Feb 19 2019 11:12:03 GMT-0800 (PST)

Reverting to snapshot #2
Saved snapshot #2
Reverting to snapshot #2
Saved snapshot #2

  Transaction: 0x70a97c7cf7071307143ffcd58d0fba7bf8484ba636ac6e2c69d022760e727872
  Gas usage: 45666
  Block Number: 2
  Block Time: Tue Feb 19 2019 11:12:03 GMT-0800 (PST)

Reverting to snapshot #2
Saved snapshot #2
Reverting to snapshot #2
Saved snapshot #2
Reverting to snapshot #2
Saved snapshot #2

  Transaction: 0x4238a25a3435dc85fa6929ab5d0f6f755c98515c02e40c2e45a72a8b214ec872
  Gas usage: 47074
  Block Number: 2
  Block Time: Tue Feb 19 2019 11:12:03 GMT-0800 (PST)


  Transaction: 0x072608886cdaaced8f7b5be54fa9f49f9ee105d17df4be2dd0cee0383e3b2d89
  Gas usage: 38535
  Block Number: 3
  Block Time: Tue Feb 19 2019 11:12:03 GMT-0800 (PST)

Reverting to snapshot #2
Saved snapshot #2

  Transaction: 0xeba75b9f314fd9e918190a0476fa3fe5a881cc87f98a27dc71adb44ea8fd0185
  Gas usage: 45602
  Block Number: 2
  Block Time: Tue Feb 19 2019 11:12:03 GMT-0800 (PST)


  Transaction: 0x072608886cdaaced8f7b5be54fa9f49f9ee105d17df4be2dd0cee0383e3b2d89
  Gas usage: 29454
  Block Number: 3
  Block Time: Tue Feb 19 2019 11:12:03 GMT-0800 (PST)

Reverting to snapshot #2
Saved snapshot #2

  Transaction: 0xeba75b9f314fd9e918190a0476fa3fe5a881cc87f98a27dc71adb44ea8fd0185
  Gas usage: 45602
  Block Number: 2
  Block Time: Tue Feb 19 2019 11:12:04 GMT-0800 (PST)


  Transaction: 0x072608886cdaaced8f7b5be54fa9f49f9ee105d17df4be2dd0cee0383e3b2d89
  Gas usage: 29454
  Block Number: 3
  Block Time: Tue Feb 19 2019 11:12:04 GMT-0800 (PST)

Reverting to snapshot #2
Reverting to snapshot #1
Saved snapshot #1

  Transaction: 0x54c434904de82604ce863ea24679976381a2a06dd02aa7f34203ed1e7e57ef42
  Contract created: 0x1dc4c1cefef38a777b15aa20260a54e584b16c48
  Gas usage: 1085277
  Block Number: 1
  Block Time: Tue Feb 19 2019 11:33:14 GMT-0800 (PST)


  Transaction: 0xdff0458b588449813bac614bba6de6825ec719acbd111a8e9116bb7521e979a7
  Gas usage: 64838
  Block Number: 2
  Block Time: Tue Feb 19 2019 11:33:14 GMT-0800 (PST)

Saved snapshot #2
Reverting to snapshot #2
Saved snapshot #2

  Transaction: 0x35c5731a3f27e6427215640c816d7712b38b5a63e5cc64571d1b7599bcc917e1
  Gas usage: 51280
  Block Number: 3
  Block Time: Tue Feb 19 2019 11:33:14 GMT-0800 (PST)

Reverting to snapshot #2
Saved snapshot #2
Reverting to snapshot #2
Saved snapshot #2

  Transaction: 0xcff996c9343cb34e9b713428de95ad76910aa9bd50143c95227a66684580b809
  Gas usage: 45600
  Block Number: 3
  Block Time: Tue Feb 19 2019 11:33:14 GMT-0800 (PST)

Reverting to snapshot #2
Saved snapshot #2
Reverting to snapshot #2
Saved snapshot #2
Reverting to snapshot #2
Saved snapshot #2

  Transaction: 0x7ebbb466acf5d8a90b754226e684cc76cbc5055dd6920dec7781a067429971d5
  Gas usage: 47072
  Block Number: 3
  Block Time: Tue Feb 19 2019 11:33:14 GMT-0800 (PST)


  Transaction: 0xe72b4b387a85bc5fd9fc6b0377046b82a2652fc44cc6e75cb4f19c25526edfe2
  Gas usage: 38433
  Block Number: 4
  Block Time: Tue Feb 19 2019 11:33:14 GMT-0800 (PST)

Reverting to snapshot #2
Saved snapshot #2

  Transaction: 0xa7405056db3106d2ec1f2278d57ee8b490cfbade4db1e4ec1b512218a533e4ed
  Gas usage: 45536
  Block Number: 3
  Block Time: Tue Feb 19 2019 11:33:14 GMT-0800 (PST)


  Transaction: 0xe72b4b387a85bc5fd9fc6b0377046b82a2652fc44cc6e75cb4f19c25526edfe2
  Gas usage: 29399
  Block Number: 4
  Block Time: Tue Feb 19 2019 11:33:14 GMT-0800 (PST)

Reverting to snapshot #2
Saved snapshot #2

  Transaction: 0xa7405056db3106d2ec1f2278d57ee8b490cfbade4db1e4ec1b512218a533e4ed
  Gas usage: 45536
  Block Number: 3
  Block Time: Tue Feb 19 2019 11:33:14 GMT-0800 (PST)


  Transaction: 0xe72b4b387a85bc5fd9fc6b0377046b82a2652fc44cc6e75cb4f19c25526edfe2
  Gas usage: 29399
  Block Number: 4
  Block Time: Tue Feb 19 2019 11:33:14 GMT-0800 (PST)

Reverting to snapshot #2
Reverting to snapshot #1
Saved snapshot #1

  Transaction: 0x122848002ef1b317f56ba3fe36e8ee6d7c91f2f891eae9f58fab51dc6be9cb84
  Contract created: 0x1dc4c1cefef38a777b15aa20260a54e584b16c48
  Gas usage: 636596
  Block Number: 1
  Block Time: Tue Feb 19 2019 11:33:14 GMT-0800 (PST)

Saved snapshot #2
Reverting to snapshot #2
Saved snapshot #2

  Transaction: 0xe75cf2892de436dcb9ba1f21a8b3f3d5e214f2a055fe1a8e251fca426b98ef25
  Gas usage: 43314
  Block Number: 2
  Block Time: Tue Feb 19 2019 11:33:15 GMT-0800 (PST)

Reverting to snapshot #2
Saved snapshot #2

  Transaction: 0xba54651c29c80181cef9bb4618d506d211f6603afd60697226c32775500c0bee
  Gas usage: 21978
  Block Number: 2
  Block Time: Tue Feb 19 2019 11:33:15 GMT-0800 (PST)
  Runtime Error: revert

Reverting to snapshot #2
Saved snapshot #2

  Transaction: 0xe75cf2892de436dcb9ba1f21a8b3f3d5e214f2a055fe1a8e251fca426b98ef25
  Gas usage: 43314
  Block Number: 2
  Block Time: Tue Feb 19 2019 11:33:15 GMT-0800 (PST)


  Transaction: 0x2513f3155461f9329c31f193e236ce4278e5c3865d1d86b98b94d5e34e792535
  Gas usage: 21519
  Block Number: 3
  Block Time: Tue Feb 19 2019 11:33:15 GMT-0800 (PST)

Reverting to snapshot #2
Saved snapshot #2

  Transaction: 0x4793a093768397ae49a21856c48b0f9cbc0732f31664efdc7ef2cd83db4a68f9
  Gas usage: 42802
  Block Number: 2
  Block Time: Tue Feb 19 2019 11:33:15 GMT-0800 (PST)

Reverting to snapshot #2
Reverting to snapshot #1
Saved snapshot #1

  Transaction: 0x5bb72e51f4c16020c96ca650167af64a7a4d7e61ce1ac33f4c75a6192df5f5f2
  Contract created: 0x1dc4c1cefef38a777b15aa20260a54e584b16c48
  Gas usage: 610136
  Block Number: 1
  Block Time: Tue Feb 19 2019 11:33:15 GMT-0800 (PST)

Saved snapshot #2
Reverting to snapshot #2
Saved snapshot #2
Reverting to snapshot #2
Saved snapshot #2
Reverting to snapshot #2
Saved snapshot #2
Reverting to snapshot #2
Saved snapshot #2
Reverting to snapshot #2
Saved snapshot #2

  Transaction: 0x35ec14c7dc56bd41af5eed8f3619fb1ea4b91b30eb817c58badb9e1945830199
  Gas usage: 51265
  Block Number: 2
  Block Time: Tue Feb 19 2019 11:33:15 GMT-0800 (PST)

Reverting to snapshot #2
Saved snapshot #2
Reverting to snapshot #2
Saved snapshot #2

  Transaction: 0x70a97c7cf7071307143ffcd58d0fba7bf8484ba636ac6e2c69d022760e727872
  Gas usage: 45666
  Block Number: 2
  Block Time: Tue Feb 19 2019 11:33:15 GMT-0800 (PST)

Reverting to snapshot #2
Saved snapshot #2
Reverting to snapshot #2
Saved snapshot #2
Reverting to snapshot #2
Saved snapshot #2

  Transaction: 0x4238a25a3435dc85fa6929ab5d0f6f755c98515c02e40c2e45a72a8b214ec872
  Gas usage: 47074
  Block Number: 2
  Block Time: Tue Feb 19 2019 11:33:15 GMT-0800 (PST)


  Transaction: 0x072608886cdaaced8f7b5be54fa9f49f9ee105d17df4be2dd0cee0383e3b2d89
  Gas usage: 38535
  Block Number: 3
  Block Time: Tue Feb 19 2019 11:33:15 GMT-0800 (PST)

Reverting to snapshot #2
Saved snapshot #2

  Transaction: 0xeba75b9f314fd9e918190a0476fa3fe5a881cc87f98a27dc71adb44ea8fd0185
  Gas usage: 45602
  Block Number: 2
  Block Time: Tue Feb 19 2019 11:33:15 GMT-0800 (PST)


  Transaction: 0x072608886cdaaced8f7b5be54fa9f49f9ee105d17df4be2dd0cee0383e3b2d89
  Gas usage: 29454
  Block Number: 3
  Block Time: Tue Feb 19 2019 11:33:15 GMT-0800 (PST)

Reverting to snapshot #2
Saved snapshot #2

  Transaction: 0xeba75b9f314fd9e918190a0476fa3fe5a881cc87f98a27dc71adb44ea8fd0185
  Gas usage: 45602
  Block Number: 2
  Block Time: Tue Feb 19 2019 11:33:16 GMT-0800 (PST)


  Transaction: 0x072608886cdaaced8f7b5be54fa9f49f9ee105d17df4be2dd0cee0383e3b2d89
  Gas usage: 29454
  Block Number: 3
  Block Time: Tue Feb 19 2019 11:33:16 GMT-0800 (PST)

Reverting to snapshot #2
Reverting to snapshot #1
Saved snapshot #1

  Transaction: 0x54c434904de82604ce863ea24679976381a2a06dd02aa7f34203ed1e7e57ef42
  Contract created: 0x1dc4c1cefef38a777b15aa20260a54e584b16c48
  Gas usage: 1085277
  Block Number: 1
  Block Time: Tue Feb 19 2019 11:50:22 GMT-0800 (PST)


  Transaction: 0xdff0458b588449813bac614bba6de6825ec719acbd111a8e9116bb7521e979a7
  Gas usage: 64838
  Block Number: 2
  Block Time: Tue Feb 19 2019 11:50:22 GMT-0800 (PST)

Saved snapshot #2
Reverting to snapshot #2
Saved snapshot #2

  Transaction: 0x35c5731a3f27e6427215640c816d7712b38b5a63e5cc64571d1b7599bcc917e1
  Gas usage: 51280
  Block Number: 3
  Block Time: Tue Feb 19 2019 11:50:22 GMT-0800 (PST)

Reverting to snapshot #2
Saved snapshot #2
Reverting to snapshot #2
Saved snapshot #2

  Transaction: 0xcff996c9343cb34e9b713428de95ad76910aa9bd50143c95227a66684580b809
  Gas usage: 45600
  Block Number: 3
  Block Time: Tue Feb 19 2019 11:50:22 GMT-0800 (PST)

Reverting to snapshot #2
Saved snapshot #2
Reverting to snapshot #2
Saved snapshot #2
Reverting to snapshot #2
Saved snapshot #2

  Transaction: 0x7ebbb466acf5d8a90b754226e684cc76cbc5055dd6920dec7781a067429971d5
  Gas usage: 47072
  Block Number: 3
  Block Time: Tue Feb 19 2019 11:50:23 GMT-0800 (PST)


  Transaction: 0xe72b4b387a85bc5fd9fc6b0377046b82a2652fc44cc6e75cb4f19c25526edfe2
  Gas usage: 38433
  Block Number: 4
  Block Time: Tue Feb 19 2019 11:50:23 GMT-0800 (PST)

Reverting to snapshot #2
Saved snapshot #2

  Transaction: 0xa7405056db3106d2ec1f2278d57ee8b490cfbade4db1e4ec1b512218a533e4ed
  Gas usage: 45536
  Block Number: 3
  Block Time: Tue Feb 19 2019 11:50:23 GMT-0800 (PST)


  Transaction: 0xe72b4b387a85bc5fd9fc6b0377046b82a2652fc44cc6e75cb4f19c25526edfe2
  Gas usage: 29399
  Block Number: 4
  Block Time: Tue Feb 19 2019 11:50:23 GMT-0800 (PST)

Reverting to snapshot #2
Saved snapshot #2

  Transaction: 0xa7405056db3106d2ec1f2278d57ee8b490cfbade4db1e4ec1b512218a533e4ed
  Gas usage: 45536
  Block Number: 3
  Block Time: Tue Feb 19 2019 11:50:23 GMT-0800 (PST)


  Transaction: 0xe72b4b387a85bc5fd9fc6b0377046b82a2652fc44cc6e75cb4f19c25526edfe2
  Gas usage: 29399
  Block Number: 4
  Block Time: Tue Feb 19 2019 11:50:23 GMT-0800 (PST)

Reverting to snapshot #2
Reverting to snapshot #1
Saved snapshot #1

  Transaction: 0x122848002ef1b317f56ba3fe36e8ee6d7c91f2f891eae9f58fab51dc6be9cb84
  Contract created: 0x1dc4c1cefef38a777b15aa20260a54e584b16c48
  Gas usage: 636596
  Block Number: 1
  Block Time: Tue Feb 19 2019 11:50:23 GMT-0800 (PST)

Saved snapshot #2
Reverting to snapshot #2
Saved snapshot #2

  Transaction: 0xe75cf2892de436dcb9ba1f21a8b3f3d5e214f2a055fe1a8e251fca426b98ef25
  Gas usage: 43314
  Block Number: 2
  Block Time: Tue Feb 19 2019 11:50:23 GMT-0800 (PST)

Reverting to snapshot #2
Saved snapshot #2

  Transaction: 0xba54651c29c80181cef9bb4618d506d211f6603afd60697226c32775500c0bee
  Gas usage: 21978
  Block Number: 2
  Block Time: Tue Feb 19 2019 11:50:23 GMT-0800 (PST)
  Runtime Error: revert

Reverting to snapshot #2
Saved snapshot #2

  Transaction: 0xe75cf2892de436dcb9ba1f21a8b3f3d5e214f2a055fe1a8e251fca426b98ef25
  Gas usage: 43314
  Block Number: 2
  Block Time: Tue Feb 19 2019 11:50:23 GMT-0800 (PST)


  Transaction: 0x2513f3155461f9329c31f193e236ce4278e5c3865d1d86b98b94d5e34e792535
  Gas usage: 21519
  Block Number: 3
  Block Time: Tue Feb 19 2019 11:50:23 GMT-0800 (PST)

Reverting to snapshot #2
Saved snapshot #2

  Transaction: 0x4793a093768397ae49a21856c48b0f9cbc0732f31664efdc7ef2cd83db4a68f9
  Gas usage: 42802
  Block Number: 2
  Block Time: Tue Feb 19 2019 11:50:23 GMT-0800 (PST)

Reverting to snapshot #2
Reverting to snapshot #1
Saved snapshot #1

  Transaction: 0x5bb72e51f4c16020c96ca650167af64a7a4d7e61ce1ac33f4c75a6192df5f5f2
  Contract created: 0x1dc4c1cefef38a777b15aa20260a54e584b16c48
  Gas usage: 610136
  Block Number: 1
  Block Time: Tue Feb 19 2019 11:50:23 GMT-0800 (PST)

Saved snapshot #2
Reverting to snapshot #2
Saved snapshot #2
Reverting to snapshot #2
Saved snapshot #2
Reverting to snapshot #2
Saved snapshot #2
Reverting to snapshot #2
Saved snapshot #2
Reverting to snapshot #2
Saved snapshot #2

  Transaction: 0x35ec14c7dc56bd41af5eed8f3619fb1ea4b91b30eb817c58badb9e1945830199
  Gas usage: 51265
  Block Number: 2
  Block Time: Tue Feb 19 2019 11:50:23 GMT-0800 (PST)

Reverting to snapshot #2
Saved snapshot #2
Reverting to snapshot #2
Saved snapshot #2

  Transaction: 0x70a97c7cf7071307143ffcd58d0fba7bf8484ba636ac6e2c69d022760e727872
  Gas usage: 45666
  Block Number: 2
  Block Time: Tue Feb 19 2019 11:50:24 GMT-0800 (PST)

Reverting to snapshot #2
Saved snapshot #2
Reverting to snapshot #2
Saved snapshot #2
Reverting to snapshot #2
Saved snapshot #2

  Transaction: 0x4238a25a3435dc85fa6929ab5d0f6f755c98515c02e40c2e45a72a8b214ec872
  Gas usage: 47074
  Block Number: 2
  Block Time: Tue Feb 19 2019 11:50:24 GMT-0800 (PST)


  Transaction: 0x072608886cdaaced8f7b5be54fa9f49f9ee105d17df4be2dd0cee0383e3b2d89
  Gas usage: 38535
  Block Number: 3
  Block Time: Tue Feb 19 2019 11:50:24 GMT-0800 (PST)

Reverting to snapshot #2
Saved snapshot #2

  Transaction: 0xeba75b9f314fd9e918190a0476fa3fe5a881cc87f98a27dc71adb44ea8fd0185
  Gas usage: 45602
  Block Number: 2
  Block Time: Tue Feb 19 2019 11:50:24 GMT-0800 (PST)


  Transaction: 0x072608886cdaaced8f7b5be54fa9f49f9ee105d17df4be2dd0cee0383e3b2d89
  Gas usage: 29454
  Block Number: 3
  Block Time: Tue Feb 19 2019 11:50:24 GMT-0800 (PST)

Reverting to snapshot #2
Saved snapshot #2

  Transaction: 0xeba75b9f314fd9e918190a0476fa3fe5a881cc87f98a27dc71adb44ea8fd0185
  Gas usage: 45602
  Block Number: 2
  Block Time: Tue Feb 19 2019 11:50:24 GMT-0800 (PST)


  Transaction: 0x072608886cdaaced8f7b5be54fa9f49f9ee105d17df4be2dd0cee0383e3b2d89
  Gas usage: 29454
  Block Number: 3
  Block Time: Tue Feb 19 2019 11:50:24 GMT-0800 (PST)

Reverting to snapshot #2
Reverting to snapshot #1
Saved snapshot #1

  Transaction: 0x54c434904de82604ce863ea24679976381a2a06dd02aa7f34203ed1e7e57ef42
  Contract created: 0x1dc4c1cefef38a777b15aa20260a54e584b16c48
  Gas usage: 1085277
  Block Number: 1
  Block Time: Tue Feb 19 2019 15:16:20 GMT-0800 (PST)


  Transaction: 0xdff0458b588449813bac614bba6de6825ec719acbd111a8e9116bb7521e979a7
  Gas usage: 64838
  Block Number: 2
  Block Time: Tue Feb 19 2019 15:16:20 GMT-0800 (PST)

Saved snapshot #2
Reverting to snapshot #2
Saved snapshot #2

  Transaction: 0x35c5731a3f27e6427215640c816d7712b38b5a63e5cc64571d1b7599bcc917e1
  Gas usage: 51280
  Block Number: 3
  Block Time: Tue Feb 19 2019 15:16:21 GMT-0800 (PST)

Reverting to snapshot #2
Saved snapshot #2
Reverting to snapshot #2
Saved snapshot #2

  Transaction: 0xcff996c9343cb34e9b713428de95ad76910aa9bd50143c95227a66684580b809
  Gas usage: 45600
  Block Number: 3
  Block Time: Tue Feb 19 2019 15:16:21 GMT-0800 (PST)

Reverting to snapshot #2
Saved snapshot #2
Reverting to snapshot #2
Saved snapshot #2
Reverting to snapshot #2
Saved snapshot #2

  Transaction: 0x7ebbb466acf5d8a90b754226e684cc76cbc5055dd6920dec7781a067429971d5
  Gas usage: 47072
  Block Number: 3
  Block Time: Tue Feb 19 2019 15:16:21 GMT-0800 (PST)


  Transaction: 0xe72b4b387a85bc5fd9fc6b0377046b82a2652fc44cc6e75cb4f19c25526edfe2
  Gas usage: 38433
  Block Number: 4
  Block Time: Tue Feb 19 2019 15:16:21 GMT-0800 (PST)

Reverting to snapshot #2
Saved snapshot #2

  Transaction: 0xa7405056db3106d2ec1f2278d57ee8b490cfbade4db1e4ec1b512218a533e4ed
  Gas usage: 45536
  Block Number: 3
  Block Time: Tue Feb 19 2019 15:16:21 GMT-0800 (PST)


  Transaction: 0xe72b4b387a85bc5fd9fc6b0377046b82a2652fc44cc6e75cb4f19c25526edfe2
  Gas usage: 29399
  Block Number: 4
  Block Time: Tue Feb 19 2019 15:16:21 GMT-0800 (PST)

Reverting to snapshot #2
Saved snapshot #2

  Transaction: 0xa7405056db3106d2ec1f2278d57ee8b490cfbade4db1e4ec1b512218a533e4ed
  Gas usage: 45536
  Block Number: 3
  Block Time: Tue Feb 19 2019 15:16:21 GMT-0800 (PST)


  Transaction: 0xe72b4b387a85bc5fd9fc6b0377046b82a2652fc44cc6e75cb4f19c25526edfe2
  Gas usage: 29399
  Block Number: 4
  Block Time: Tue Feb 19 2019 15:16:21 GMT-0800 (PST)

Reverting to snapshot #2
Reverting to snapshot #1
Saved snapshot #1

  Transaction: 0x122848002ef1b317f56ba3fe36e8ee6d7c91f2f891eae9f58fab51dc6be9cb84
  Contract created: 0x1dc4c1cefef38a777b15aa20260a54e584b16c48
  Gas usage: 636596
  Block Number: 1
  Block Time: Tue Feb 19 2019 15:16:21 GMT-0800 (PST)

Saved snapshot #2
Reverting to snapshot #2
Saved snapshot #2

  Transaction: 0xe75cf2892de436dcb9ba1f21a8b3f3d5e214f2a055fe1a8e251fca426b98ef25
  Gas usage: 43314
  Block Number: 2
  Block Time: Tue Feb 19 2019 15:16:21 GMT-0800 (PST)

Reverting to snapshot #2
Saved snapshot #2

  Transaction: 0xba54651c29c80181cef9bb4618d506d211f6603afd60697226c32775500c0bee
  Gas usage: 21978
  Block Number: 2
  Block Time: Tue Feb 19 2019 15:16:21 GMT-0800 (PST)
  Runtime Error: revert

Reverting to snapshot #2
Saved snapshot #2

  Transaction: 0xe75cf2892de436dcb9ba1f21a8b3f3d5e214f2a055fe1a8e251fca426b98ef25
  Gas usage: 43314
  Block Number: 2
  Block Time: Tue Feb 19 2019 15:16:22 GMT-0800 (PST)


  Transaction: 0x2513f3155461f9329c31f193e236ce4278e5c3865d1d86b98b94d5e34e792535
  Gas usage: 21519
  Block Number: 3
  Block Time: Tue Feb 19 2019 15:16:22 GMT-0800 (PST)

Reverting to snapshot #2
Saved snapshot #2

  Transaction: 0x4793a093768397ae49a21856c48b0f9cbc0732f31664efdc7ef2cd83db4a68f9
  Gas usage: 42802
  Block Number: 2
  Block Time: Tue Feb 19 2019 15:16:22 GMT-0800 (PST)

Reverting to snapshot #2
Reverting to snapshot #1
Saved snapshot #1

  Transaction: 0x5bb72e51f4c16020c96ca650167af64a7a4d7e61ce1ac33f4c75a6192df5f5f2
  Contract created: 0x1dc4c1cefef38a777b15aa20260a54e584b16c48
  Gas usage: 610136
  Block Number: 1
  Block Time: Tue Feb 19 2019 15:16:22 GMT-0800 (PST)

Saved snapshot #2
Reverting to snapshot #2
Saved snapshot #2
Reverting to snapshot #2
Saved snapshot #2
Reverting to snapshot #2
Saved snapshot #2
Reverting to snapshot #2
Saved snapshot #2
Reverting to snapshot #2
Saved snapshot #2

  Transaction: 0x35ec14c7dc56bd41af5eed8f3619fb1ea4b91b30eb817c58badb9e1945830199
  Gas usage: 51265
  Block Number: 2
  Block Time: Tue Feb 19 2019 15:16:22 GMT-0800 (PST)

Reverting to snapshot #2
Saved snapshot #2
Reverting to snapshot #2
Saved snapshot #2

  Transaction: 0x70a97c7cf7071307143ffcd58d0fba7bf8484ba636ac6e2c69d022760e727872
  Gas usage: 45666
  Block Number: 2
  Block Time: Tue Feb 19 2019 15:16:22 GMT-0800 (PST)

Reverting to snapshot #2
Saved snapshot #2
Reverting to snapshot #2
Saved snapshot #2
Reverting to snapshot #2
Saved snapshot #2

  Transaction: 0x4238a25a3435dc85fa6929ab5d0f6f755c98515c02e40c2e45a72a8b214ec872
  Gas usage: 47074
  Block Number: 2
  Block Time: Tue Feb 19 2019 15:16:22 GMT-0800 (PST)


  Transaction: 0x072608886cdaaced8f7b5be54fa9f49f9ee105d17df4be2dd0cee0383e3b2d89
  Gas usage: 38535
  Block Number: 3
  Block Time: Tue Feb 19 2019 15:16:22 GMT-0800 (PST)

Reverting to snapshot #2
Saved snapshot #2

  Transaction: 0xeba75b9f314fd9e918190a0476fa3fe5a881cc87f98a27dc71adb44ea8fd0185
  Gas usage: 45602
  Block Number: 2
  Block Time: Tue Feb 19 2019 15:16:22 GMT-0800 (PST)


  Transaction: 0x072608886cdaaced8f7b5be54fa9f49f9ee105d17df4be2dd0cee0383e3b2d89
  Gas usage: 29454
  Block Number: 3
  Block Time: Tue Feb 19 2019 15:16:22 GMT-0800 (PST)

Reverting to snapshot #2
Saved snapshot #2

  Transaction: 0xeba75b9f314fd9e918190a0476fa3fe5a881cc87f98a27dc71adb44ea8fd0185
  Gas usage: 45602
  Block Number: 2
  Block Time: Tue Feb 19 2019 15:16:23 GMT-0800 (PST)


  Transaction: 0x072608886cdaaced8f7b5be54fa9f49f9ee105d17df4be2dd0cee0383e3b2d89
  Gas usage: 29454
  Block Number: 3
  Block Time: Tue Feb 19 2019 15:16:23 GMT-0800 (PST)

Reverting to snapshot #2
Reverting to snapshot #1
Saved snapshot #1

  Transaction: 0x54c434904de82604ce863ea24679976381a2a06dd02aa7f34203ed1e7e57ef42
  Contract created: 0x1dc4c1cefef38a777b15aa20260a54e584b16c48
  Gas usage: 1085277
  Block Number: 1
  Block Time: Tue Feb 19 2019 22:31:09 GMT-0800 (PST)


  Transaction: 0xdff0458b588449813bac614bba6de6825ec719acbd111a8e9116bb7521e979a7
  Gas usage: 64838
  Block Number: 2
  Block Time: Tue Feb 19 2019 22:31:09 GMT-0800 (PST)

Saved snapshot #2
Reverting to snapshot #2
Saved snapshot #2

  Transaction: 0x35c5731a3f27e6427215640c816d7712b38b5a63e5cc64571d1b7599bcc917e1
  Gas usage: 51280
  Block Number: 3
  Block Time: Tue Feb 19 2019 22:31:09 GMT-0800 (PST)

Reverting to snapshot #2
Saved snapshot #2
Reverting to snapshot #2
Saved snapshot #2

  Transaction: 0xcff996c9343cb34e9b713428de95ad76910aa9bd50143c95227a66684580b809
  Gas usage: 45600
  Block Number: 3
  Block Time: Tue Feb 19 2019 22:31:09 GMT-0800 (PST)

Reverting to snapshot #2
Saved snapshot #2
Reverting to snapshot #2
Saved snapshot #2
Reverting to snapshot #2
Saved snapshot #2

  Transaction: 0x7ebbb466acf5d8a90b754226e684cc76cbc5055dd6920dec7781a067429971d5
  Gas usage: 47072
  Block Number: 3
  Block Time: Tue Feb 19 2019 22:31:09 GMT-0800 (PST)


  Transaction: 0xe72b4b387a85bc5fd9fc6b0377046b82a2652fc44cc6e75cb4f19c25526edfe2
  Gas usage: 38433
  Block Number: 4
  Block Time: Tue Feb 19 2019 22:31:10 GMT-0800 (PST)

Reverting to snapshot #2
Saved snapshot #2

  Transaction: 0xa7405056db3106d2ec1f2278d57ee8b490cfbade4db1e4ec1b512218a533e4ed
  Gas usage: 45536
  Block Number: 3
  Block Time: Tue Feb 19 2019 22:31:10 GMT-0800 (PST)


  Transaction: 0xe72b4b387a85bc5fd9fc6b0377046b82a2652fc44cc6e75cb4f19c25526edfe2
  Gas usage: 29399
  Block Number: 4
  Block Time: Tue Feb 19 2019 22:31:10 GMT-0800 (PST)

Reverting to snapshot #2
Saved snapshot #2

  Transaction: 0xa7405056db3106d2ec1f2278d57ee8b490cfbade4db1e4ec1b512218a533e4ed
  Gas usage: 45536
  Block Number: 3
  Block Time: Tue Feb 19 2019 22:31:10 GMT-0800 (PST)


  Transaction: 0xe72b4b387a85bc5fd9fc6b0377046b82a2652fc44cc6e75cb4f19c25526edfe2
  Gas usage: 29399
  Block Number: 4
  Block Time: Tue Feb 19 2019 22:31:10 GMT-0800 (PST)

Reverting to snapshot #2
Reverting to snapshot #1
Saved snapshot #1

  Transaction: 0x122848002ef1b317f56ba3fe36e8ee6d7c91f2f891eae9f58fab51dc6be9cb84
  Contract created: 0x1dc4c1cefef38a777b15aa20260a54e584b16c48
  Gas usage: 636596
  Block Number: 1
  Block Time: Tue Feb 19 2019 22:31:10 GMT-0800 (PST)

Saved snapshot #2
Reverting to snapshot #2
Saved snapshot #2

  Transaction: 0xe75cf2892de436dcb9ba1f21a8b3f3d5e214f2a055fe1a8e251fca426b98ef25
  Gas usage: 43314
  Block Number: 2
  Block Time: Tue Feb 19 2019 22:31:10 GMT-0800 (PST)

Reverting to snapshot #2
Saved snapshot #2

  Transaction: 0xba54651c29c80181cef9bb4618d506d211f6603afd60697226c32775500c0bee
  Gas usage: 21978
  Block Number: 2
  Block Time: Tue Feb 19 2019 22:31:10 GMT-0800 (PST)
  Runtime Error: revert

Reverting to snapshot #2
Saved snapshot #2

  Transaction: 0xe75cf2892de436dcb9ba1f21a8b3f3d5e214f2a055fe1a8e251fca426b98ef25
  Gas usage: 43314
  Block Number: 2
  Block Time: Tue Feb 19 2019 22:31:10 GMT-0800 (PST)


  Transaction: 0x2513f3155461f9329c31f193e236ce4278e5c3865d1d86b98b94d5e34e792535
  Gas usage: 21519
  Block Number: 3
  Block Time: Tue Feb 19 2019 22:31:10 GMT-0800 (PST)

Reverting to snapshot #2
Saved snapshot #2

  Transaction: 0x4793a093768397ae49a21856c48b0f9cbc0732f31664efdc7ef2cd83db4a68f9
  Gas usage: 42802
  Block Number: 2
  Block Time: Tue Feb 19 2019 22:31:10 GMT-0800 (PST)

Reverting to snapshot #2
Reverting to snapshot #1
Saved snapshot #1

  Transaction: 0x5bb72e51f4c16020c96ca650167af64a7a4d7e61ce1ac33f4c75a6192df5f5f2
  Contract created: 0x1dc4c1cefef38a777b15aa20260a54e584b16c48
  Gas usage: 610136
  Block Number: 1
  Block Time: Tue Feb 19 2019 22:31:10 GMT-0800 (PST)

Saved snapshot #2
Reverting to snapshot #2
Saved snapshot #2
Reverting to snapshot #2
Saved snapshot #2
Reverting to snapshot #2
Saved snapshot #2
Reverting to snapshot #2
Saved snapshot #2
Reverting to snapshot #2
Saved snapshot #2

  Transaction: 0x35ec14c7dc56bd41af5eed8f3619fb1ea4b91b30eb817c58badb9e1945830199
  Gas usage: 51265
  Block Number: 2
  Block Time: Tue Feb 19 2019 22:31:10 GMT-0800 (PST)

Reverting to snapshot #2
Saved snapshot #2
Reverting to snapshot #2
Saved snapshot #2

  Transaction: 0x70a97c7cf7071307143ffcd58d0fba7bf8484ba636ac6e2c69d022760e727872
  Gas usage: 45666
  Block Number: 2
  Block Time: Tue Feb 19 2019 22:31:11 GMT-0800 (PST)

Reverting to snapshot #2
Saved snapshot #2
Reverting to snapshot #2
Saved snapshot #2
Reverting to snapshot #2
Saved snapshot #2

  Transaction: 0x4238a25a3435dc85fa6929ab5d0f6f755c98515c02e40c2e45a72a8b214ec872
  Gas usage: 47074
  Block Number: 2
  Block Time: Tue Feb 19 2019 22:31:11 GMT-0800 (PST)


  Transaction: 0x072608886cdaaced8f7b5be54fa9f49f9ee105d17df4be2dd0cee0383e3b2d89
  Gas usage: 38535
  Block Number: 3
  Block Time: Tue Feb 19 2019 22:31:11 GMT-0800 (PST)

Reverting to snapshot #2
Saved snapshot #2

  Transaction: 0xeba75b9f314fd9e918190a0476fa3fe5a881cc87f98a27dc71adb44ea8fd0185
  Gas usage: 45602
  Block Number: 2
  Block Time: Tue Feb 19 2019 22:31:11 GMT-0800 (PST)


  Transaction: 0x072608886cdaaced8f7b5be54fa9f49f9ee105d17df4be2dd0cee0383e3b2d89
  Gas usage: 29454
  Block Number: 3
  Block Time: Tue Feb 19 2019 22:31:11 GMT-0800 (PST)

Reverting to snapshot #2
Saved snapshot #2

  Transaction: 0xeba75b9f314fd9e918190a0476fa3fe5a881cc87f98a27dc71adb44ea8fd0185
  Gas usage: 45602
  Block Number: 2
  Block Time: Tue Feb 19 2019 22:31:11 GMT-0800 (PST)


  Transaction: 0x072608886cdaaced8f7b5be54fa9f49f9ee105d17df4be2dd0cee0383e3b2d89
  Gas usage: 29454
  Block Number: 3
  Block Time: Tue Feb 19 2019 22:31:11 GMT-0800 (PST)

Reverting to snapshot #2
Reverting to snapshot #1
Saved snapshot #1

  Transaction: 0x615ad490c69da2c16823f8e9aacdb3b1df972b10ae324fa59d5a7563a2769591
  Contract created: 0x1dc4c1cefef38a777b15aa20260a54e584b16c48
  Gas usage: 1097041
  Block Number: 1
  Block Time: Mon May 20 2019 11:31:41 GMT+0100 (BST)


  Transaction: 0xfbf189de52254012a0dea33c3bf169970b6a225673a3aaba9d2644835d69f44c
  Gas usage: 64757
  Block Number: 2
  Block Time: Mon May 20 2019 11:31:41 GMT+0100 (BST)

Saved snapshot #2
Reverting to snapshot #2
Saved snapshot #2

  Transaction: 0x73e4bd9f8bb4e2bbfb4abf89b32cee488f30d5d2ff1331cdcf2479b6470ad353
  Gas usage: 51208
  Block Number: 3
  Block Time: Mon May 20 2019 11:31:41 GMT+0100 (BST)

Reverting to snapshot #2
Saved snapshot #2
Reverting to snapshot #2
Saved snapshot #2

  Transaction: 0x581a51f9f3e431e7a2b5f4bfd173672b9519edb9fbc0600ef7cd40e8f64fdf27
  Gas usage: 45683
  Block Number: 3
  Block Time: Mon May 20 2019 11:31:42 GMT+0100 (BST)

Reverting to snapshot #2
Saved snapshot #2
Reverting to snapshot #2
Saved snapshot #2
Reverting to snapshot #2
Saved snapshot #2

  Transaction: 0xa1eb2e1dd90edca4cec1962c0ade6e78e26ffb4084e453ce4800b984f56624a7
  Gas usage: 47155
  Block Number: 3
  Block Time: Mon May 20 2019 11:31:42 GMT+0100 (BST)


  Transaction: 0x20f4d9f592a92f5d4481dd3d4c1646aaa2c81a5c3c1af4ee5a742752110476b0
  Gas usage: 38461
  Block Number: 4
  Block Time: Mon May 20 2019 11:31:42 GMT+0100 (BST)

Reverting to snapshot #2
Saved snapshot #2

  Transaction: 0x41f2fc820a5c693d2c4009a18c8b384b9373db874f6e93fedc5cd6f3536ca284
  Gas usage: 45619
  Block Number: 3
  Block Time: Mon May 20 2019 11:31:42 GMT+0100 (BST)


  Transaction: 0x20f4d9f592a92f5d4481dd3d4c1646aaa2c81a5c3c1af4ee5a742752110476b0
  Gas usage: 29413
  Block Number: 4
  Block Time: Mon May 20 2019 11:31:42 GMT+0100 (BST)

Reverting to snapshot #2
Saved snapshot #2

  Transaction: 0x41f2fc820a5c693d2c4009a18c8b384b9373db874f6e93fedc5cd6f3536ca284
  Gas usage: 45619
  Block Number: 3
  Block Time: Mon May 20 2019 11:31:42 GMT+0100 (BST)


  Transaction: 0x20f4d9f592a92f5d4481dd3d4c1646aaa2c81a5c3c1af4ee5a742752110476b0
  Gas usage: 29413
  Block Number: 4
  Block Time: Mon May 20 2019 11:31:42 GMT+0100 (BST)

Reverting to snapshot #2
Reverting to snapshot #1
Saved snapshot #1

  Transaction: 0x12f7309d34194c3726ad34f93e6ea84a002a2aaa981982c6b85b430b4c747839
  Contract created: 0x1dc4c1cefef38a777b15aa20260a54e584b16c48
  Gas usage: 630749
  Block Number: 1
  Block Time: Mon May 20 2019 11:31:42 GMT+0100 (BST)

Saved snapshot #2
Reverting to snapshot #2
Saved snapshot #2

  Transaction: 0xe75cf2892de436dcb9ba1f21a8b3f3d5e214f2a055fe1a8e251fca426b98ef25
  Gas usage: 43312
  Block Number: 2
  Block Time: Mon May 20 2019 11:31:42 GMT+0100 (BST)

Reverting to snapshot #2
Saved snapshot #2

  Transaction: 0x4a70b24e01984b3de51c9576f58fdbe7a25ae52663fbd0cc7fb37ad7f0862699
  Gas usage: 21976
  Block Number: 2
  Block Time: Mon May 20 2019 11:31:42 GMT+0100 (BST)
  Runtime Error: revert

Reverting to snapshot #2
Saved snapshot #2

  Transaction: 0xe75cf2892de436dcb9ba1f21a8b3f3d5e214f2a055fe1a8e251fca426b98ef25
  Gas usage: 43312
  Block Number: 2
  Block Time: Mon May 20 2019 11:31:42 GMT+0100 (BST)


  Transaction: 0xe42cb2391b9363691035750f86cf4b2c053796c7bef2723fd9a0299e15405ebc
  Gas usage: 21517
  Block Number: 3
  Block Time: Mon May 20 2019 11:31:42 GMT+0100 (BST)

Reverting to snapshot #2
Saved snapshot #2

  Transaction: 0x4793a093768397ae49a21856c48b0f9cbc0732f31664efdc7ef2cd83db4a68f9
  Gas usage: 42802
  Block Number: 2
  Block Time: Mon May 20 2019 11:31:43 GMT+0100 (BST)

Reverting to snapshot #2
Reverting to snapshot #1
Saved snapshot #1

  Transaction: 0xbc48f9d31072246c0b52bf8732ae24a6affc54454775386f08006c8bf18ba81e
  Contract created: 0x1dc4c1cefef38a777b15aa20260a54e584b16c48
  Gas usage: 610136
  Block Number: 1
  Block Time: Mon May 20 2019 11:31:43 GMT+0100 (BST)

Saved snapshot #2
Reverting to snapshot #2
Saved snapshot #2
Reverting to snapshot #2
Saved snapshot #2
Reverting to snapshot #2
Saved snapshot #2
Reverting to snapshot #2
Saved snapshot #2
Reverting to snapshot #2
Saved snapshot #2

  Transaction: 0x45666e7bcbf468a5125e8ab9c94ae0d1fed5f88c7cadccdb0c52d654dc20d2c7
  Gas usage: 51265
  Block Number: 2
  Block Time: Mon May 20 2019 11:31:43 GMT+0100 (BST)

Reverting to snapshot #2
Saved snapshot #2
Reverting to snapshot #2
Saved snapshot #2

  Transaction: 0x2be86252240ed8d703a2f54e7d216606d04e4d4fb5f9ea6beb2383539b8ea725
  Gas usage: 45666
  Block Number: 2
  Block Time: Mon May 20 2019 11:31:43 GMT+0100 (BST)

Reverting to snapshot #2
Saved snapshot #2
Reverting to snapshot #2
Saved snapshot #2
Reverting to snapshot #2
Saved snapshot #2

  Transaction: 0x3d2f683abce84f6c54b407c188f19d826d9bd1e9b4099b613f9737d0a2bc8362
  Gas usage: 47074
  Block Number: 2
  Block Time: Mon May 20 2019 11:31:43 GMT+0100 (BST)


  Transaction: 0xa597ea2c2c87872eb74df9b1ad00535db38d57284c430982844f5fca921e0dab
  Gas usage: 38535
  Block Number: 3
  Block Time: Mon May 20 2019 11:31:43 GMT+0100 (BST)

Reverting to snapshot #2
Saved snapshot #2

  Transaction: 0x2cb4bdda75a4b7c3d619dc8a19680a244f709f0a665b818344511ea52bfd1663
  Gas usage: 45602
  Block Number: 2
  Block Time: Mon May 20 2019 11:31:43 GMT+0100 (BST)


  Transaction: 0xa597ea2c2c87872eb74df9b1ad00535db38d57284c430982844f5fca921e0dab
  Gas usage: 29454
  Block Number: 3
  Block Time: Mon May 20 2019 11:31:43 GMT+0100 (BST)

Reverting to snapshot #2
Saved snapshot #2

  Transaction: 0x2cb4bdda75a4b7c3d619dc8a19680a244f709f0a665b818344511ea52bfd1663
  Gas usage: 45602
  Block Number: 2
  Block Time: Mon May 20 2019 11:31:43 GMT+0100 (BST)


  Transaction: 0xa597ea2c2c87872eb74df9b1ad00535db38d57284c430982844f5fca921e0dab
  Gas usage: 29454
  Block Number: 3
  Block Time: Mon May 20 2019 11:31:43 GMT+0100 (BST)

Reverting to snapshot #2
Reverting to snapshot #1
Saved snapshot #1

  Transaction: 0x615ad490c69da2c16823f8e9aacdb3b1df972b10ae324fa59d5a7563a2769591
  Contract created: 0x1dc4c1cefef38a777b15aa20260a54e584b16c48
  Gas usage: 1097041
  Block Number: 1
  Block Time: Mon May 20 2019 12:01:16 GMT+0100 (BST)


  Transaction: 0xfbf189de52254012a0dea33c3bf169970b6a225673a3aaba9d2644835d69f44c
  Gas usage: 64757
  Block Number: 2
  Block Time: Mon May 20 2019 12:01:16 GMT+0100 (BST)

Saved snapshot #2
Reverting to snapshot #2
Saved snapshot #2

  Transaction: 0x73e4bd9f8bb4e2bbfb4abf89b32cee488f30d5d2ff1331cdcf2479b6470ad353
  Gas usage: 51208
  Block Number: 3
  Block Time: Mon May 20 2019 12:01:16 GMT+0100 (BST)

Reverting to snapshot #2
Saved snapshot #2
Reverting to snapshot #2
Saved snapshot #2

  Transaction: 0x581a51f9f3e431e7a2b5f4bfd173672b9519edb9fbc0600ef7cd40e8f64fdf27
  Gas usage: 45683
  Block Number: 3
  Block Time: Mon May 20 2019 12:01:17 GMT+0100 (BST)

Reverting to snapshot #2
Saved snapshot #2
Reverting to snapshot #2
Saved snapshot #2
Reverting to snapshot #2
Saved snapshot #2

  Transaction: 0xa1eb2e1dd90edca4cec1962c0ade6e78e26ffb4084e453ce4800b984f56624a7
  Gas usage: 47155
  Block Number: 3
  Block Time: Mon May 20 2019 12:01:17 GMT+0100 (BST)


  Transaction: 0x20f4d9f592a92f5d4481dd3d4c1646aaa2c81a5c3c1af4ee5a742752110476b0
  Gas usage: 38461
  Block Number: 4
  Block Time: Mon May 20 2019 12:01:17 GMT+0100 (BST)

Reverting to snapshot #2
Saved snapshot #2

  Transaction: 0x41f2fc820a5c693d2c4009a18c8b384b9373db874f6e93fedc5cd6f3536ca284
  Gas usage: 45619
  Block Number: 3
  Block Time: Mon May 20 2019 12:01:17 GMT+0100 (BST)


  Transaction: 0x20f4d9f592a92f5d4481dd3d4c1646aaa2c81a5c3c1af4ee5a742752110476b0
  Gas usage: 29413
  Block Number: 4
  Block Time: Mon May 20 2019 12:01:17 GMT+0100 (BST)

Reverting to snapshot #2
Saved snapshot #2

  Transaction: 0x41f2fc820a5c693d2c4009a18c8b384b9373db874f6e93fedc5cd6f3536ca284
  Gas usage: 45619
  Block Number: 3
  Block Time: Mon May 20 2019 12:01:17 GMT+0100 (BST)


  Transaction: 0x20f4d9f592a92f5d4481dd3d4c1646aaa2c81a5c3c1af4ee5a742752110476b0
  Gas usage: 29413
  Block Number: 4
  Block Time: Mon May 20 2019 12:01:17 GMT+0100 (BST)

Reverting to snapshot #2
Reverting to snapshot #1
Saved snapshot #1

  Transaction: 0x12f7309d34194c3726ad34f93e6ea84a002a2aaa981982c6b85b430b4c747839
  Contract created: 0x1dc4c1cefef38a777b15aa20260a54e584b16c48
  Gas usage: 630749
  Block Number: 1
  Block Time: Mon May 20 2019 12:01:17 GMT+0100 (BST)

Saved snapshot #2
Reverting to snapshot #2
Saved snapshot #2

  Transaction: 0xe75cf2892de436dcb9ba1f21a8b3f3d5e214f2a055fe1a8e251fca426b98ef25
  Gas usage: 43312
  Block Number: 2
  Block Time: Mon May 20 2019 12:01:17 GMT+0100 (BST)

Reverting to snapshot #2
Saved snapshot #2

  Transaction: 0x4a70b24e01984b3de51c9576f58fdbe7a25ae52663fbd0cc7fb37ad7f0862699
  Gas usage: 21976
  Block Number: 2
  Block Time: Mon May 20 2019 12:01:17 GMT+0100 (BST)
  Runtime Error: revert

Reverting to snapshot #2
Saved snapshot #2

  Transaction: 0xe75cf2892de436dcb9ba1f21a8b3f3d5e214f2a055fe1a8e251fca426b98ef25
  Gas usage: 43312
  Block Number: 2
  Block Time: Mon May 20 2019 12:01:17 GMT+0100 (BST)


  Transaction: 0xe42cb2391b9363691035750f86cf4b2c053796c7bef2723fd9a0299e15405ebc
  Gas usage: 21517
  Block Number: 3
  Block Time: Mon May 20 2019 12:01:17 GMT+0100 (BST)

Reverting to snapshot #2
Saved snapshot #2

  Transaction: 0x4793a093768397ae49a21856c48b0f9cbc0732f31664efdc7ef2cd83db4a68f9
  Gas usage: 42802
  Block Number: 2
  Block Time: Mon May 20 2019 12:01:18 GMT+0100 (BST)

Reverting to snapshot #2
Reverting to snapshot #1
Saved snapshot #1

  Transaction: 0xbc48f9d31072246c0b52bf8732ae24a6affc54454775386f08006c8bf18ba81e
  Contract created: 0x1dc4c1cefef38a777b15aa20260a54e584b16c48
  Gas usage: 610136
  Block Number: 1
  Block Time: Mon May 20 2019 12:01:18 GMT+0100 (BST)

Saved snapshot #2
Reverting to snapshot #2
Saved snapshot #2
Reverting to snapshot #2
Saved snapshot #2
Reverting to snapshot #2
Saved snapshot #2
Reverting to snapshot #2
Saved snapshot #2
Reverting to snapshot #2
Saved snapshot #2

  Transaction: 0x45666e7bcbf468a5125e8ab9c94ae0d1fed5f88c7cadccdb0c52d654dc20d2c7
  Gas usage: 51265
  Block Number: 2
  Block Time: Mon May 20 2019 12:01:18 GMT+0100 (BST)

Reverting to snapshot #2
Saved snapshot #2
Reverting to snapshot #2
Saved snapshot #2

  Transaction: 0x2be86252240ed8d703a2f54e7d216606d04e4d4fb5f9ea6beb2383539b8ea725
  Gas usage: 45666
  Block Number: 2
  Block Time: Mon May 20 2019 12:01:18 GMT+0100 (BST)

Reverting to snapshot #2
Saved snapshot #2
Reverting to snapshot #2
Saved snapshot #2
Reverting to snapshot #2
Saved snapshot #2

  Transaction: 0x3d2f683abce84f6c54b407c188f19d826d9bd1e9b4099b613f9737d0a2bc8362
  Gas usage: 47074
  Block Number: 2
  Block Time: Mon May 20 2019 12:01:18 GMT+0100 (BST)


  Transaction: 0xa597ea2c2c87872eb74df9b1ad00535db38d57284c430982844f5fca921e0dab
  Gas usage: 38535
  Block Number: 3
  Block Time: Mon May 20 2019 12:01:18 GMT+0100 (BST)

Reverting to snapshot #2
Saved snapshot #2

  Transaction: 0x2cb4bdda75a4b7c3d619dc8a19680a244f709f0a665b818344511ea52bfd1663
  Gas usage: 45602
  Block Number: 2
  Block Time: Mon May 20 2019 12:01:18 GMT+0100 (BST)


  Transaction: 0xa597ea2c2c87872eb74df9b1ad00535db38d57284c430982844f5fca921e0dab
  Gas usage: 29454
  Block Number: 3
  Block Time: Mon May 20 2019 12:01:18 GMT+0100 (BST)

Reverting to snapshot #2
Saved snapshot #2

  Transaction: 0x2cb4bdda75a4b7c3d619dc8a19680a244f709f0a665b818344511ea52bfd1663
  Gas usage: 45602
  Block Number: 2
  Block Time: Mon May 20 2019 12:01:18 GMT+0100 (BST)


  Transaction: 0xa597ea2c2c87872eb74df9b1ad00535db38d57284c430982844f5fca921e0dab
  Gas usage: 29454
  Block Number: 3
  Block Time: Mon May 20 2019 12:01:18 GMT+0100 (BST)

Reverting to snapshot #2
Reverting to snapshot #1
Saved snapshot #1

  Transaction: 0x615ad490c69da2c16823f8e9aacdb3b1df972b10ae324fa59d5a7563a2769591
  Contract created: 0x1dc4c1cefef38a777b15aa20260a54e584b16c48
  Gas usage: 1097041
  Block Number: 1
  Block Time: Mon May 20 2019 12:18:08 GMT+0100 (BST)


  Transaction: 0xfbf189de52254012a0dea33c3bf169970b6a225673a3aaba9d2644835d69f44c
  Gas usage: 64757
  Block Number: 2
  Block Time: Mon May 20 2019 12:18:09 GMT+0100 (BST)

Saved snapshot #2
Reverting to snapshot #2
Saved snapshot #2

  Transaction: 0x73e4bd9f8bb4e2bbfb4abf89b32cee488f30d5d2ff1331cdcf2479b6470ad353
  Gas usage: 51208
  Block Number: 3
  Block Time: Mon May 20 2019 12:18:09 GMT+0100 (BST)

Reverting to snapshot #2
Saved snapshot #2
Reverting to snapshot #2
Saved snapshot #2

  Transaction: 0x581a51f9f3e431e7a2b5f4bfd173672b9519edb9fbc0600ef7cd40e8f64fdf27
  Gas usage: 45683
  Block Number: 3
  Block Time: Mon May 20 2019 12:18:09 GMT+0100 (BST)

Reverting to snapshot #2
Saved snapshot #2
Reverting to snapshot #2
Saved snapshot #2
Reverting to snapshot #2
Saved snapshot #2

  Transaction: 0xa1eb2e1dd90edca4cec1962c0ade6e78e26ffb4084e453ce4800b984f56624a7
  Gas usage: 47155
  Block Number: 3
  Block Time: Mon May 20 2019 12:18:09 GMT+0100 (BST)


  Transaction: 0x20f4d9f592a92f5d4481dd3d4c1646aaa2c81a5c3c1af4ee5a742752110476b0
  Gas usage: 38461
  Block Number: 4
  Block Time: Mon May 20 2019 12:18:09 GMT+0100 (BST)

Reverting to snapshot #2
Saved snapshot #2

  Transaction: 0x41f2fc820a5c693d2c4009a18c8b384b9373db874f6e93fedc5cd6f3536ca284
  Gas usage: 45619
  Block Number: 3
  Block Time: Mon May 20 2019 12:18:09 GMT+0100 (BST)


  Transaction: 0x20f4d9f592a92f5d4481dd3d4c1646aaa2c81a5c3c1af4ee5a742752110476b0
  Gas usage: 29413
  Block Number: 4
  Block Time: Mon May 20 2019 12:18:09 GMT+0100 (BST)

Reverting to snapshot #2
Saved snapshot #2

  Transaction: 0x41f2fc820a5c693d2c4009a18c8b384b9373db874f6e93fedc5cd6f3536ca284
  Gas usage: 45619
  Block Number: 3
  Block Time: Mon May 20 2019 12:18:09 GMT+0100 (BST)


  Transaction: 0x20f4d9f592a92f5d4481dd3d4c1646aaa2c81a5c3c1af4ee5a742752110476b0
  Gas usage: 29413
  Block Number: 4
  Block Time: Mon May 20 2019 12:18:09 GMT+0100 (BST)

Reverting to snapshot #2
Reverting to snapshot #1
Saved snapshot #1

  Transaction: 0x12f7309d34194c3726ad34f93e6ea84a002a2aaa981982c6b85b430b4c747839
  Contract created: 0x1dc4c1cefef38a777b15aa20260a54e584b16c48
  Gas usage: 630749
  Block Number: 1
  Block Time: Mon May 20 2019 12:18:09 GMT+0100 (BST)

Saved snapshot #2
Reverting to snapshot #2
Saved snapshot #2

  Transaction: 0xe75cf2892de436dcb9ba1f21a8b3f3d5e214f2a055fe1a8e251fca426b98ef25
  Gas usage: 43312
  Block Number: 2
  Block Time: Mon May 20 2019 12:18:09 GMT+0100 (BST)

Reverting to snapshot #2
Saved snapshot #2

  Transaction: 0x4a70b24e01984b3de51c9576f58fdbe7a25ae52663fbd0cc7fb37ad7f0862699
  Gas usage: 21976
  Block Number: 2
  Block Time: Mon May 20 2019 12:18:10 GMT+0100 (BST)
  Runtime Error: revert

Reverting to snapshot #2
Saved snapshot #2

  Transaction: 0xe75cf2892de436dcb9ba1f21a8b3f3d5e214f2a055fe1a8e251fca426b98ef25
  Gas usage: 43312
  Block Number: 2
  Block Time: Mon May 20 2019 12:18:10 GMT+0100 (BST)


  Transaction: 0xe42cb2391b9363691035750f86cf4b2c053796c7bef2723fd9a0299e15405ebc
  Gas usage: 21517
  Block Number: 3
  Block Time: Mon May 20 2019 12:18:10 GMT+0100 (BST)

Reverting to snapshot #2
Saved snapshot #2

  Transaction: 0x4793a093768397ae49a21856c48b0f9cbc0732f31664efdc7ef2cd83db4a68f9
  Gas usage: 42802
  Block Number: 2
  Block Time: Mon May 20 2019 12:18:10 GMT+0100 (BST)

Reverting to snapshot #2
Reverting to snapshot #1
Saved snapshot #1

  Transaction: 0xbc48f9d31072246c0b52bf8732ae24a6affc54454775386f08006c8bf18ba81e
  Contract created: 0x1dc4c1cefef38a777b15aa20260a54e584b16c48
  Gas usage: 610136
  Block Number: 1
  Block Time: Mon May 20 2019 12:18:10 GMT+0100 (BST)

Saved snapshot #2
Reverting to snapshot #2
Saved snapshot #2
Reverting to snapshot #2
Saved snapshot #2
Reverting to snapshot #2
Saved snapshot #2
Reverting to snapshot #2
Saved snapshot #2
Reverting to snapshot #2
Saved snapshot #2

  Transaction: 0x45666e7bcbf468a5125e8ab9c94ae0d1fed5f88c7cadccdb0c52d654dc20d2c7
  Gas usage: 51265
  Block Number: 2
  Block Time: Mon May 20 2019 12:18:10 GMT+0100 (BST)

Reverting to snapshot #2
Saved snapshot #2
Reverting to snapshot #2
Saved snapshot #2

  Transaction: 0x2be86252240ed8d703a2f54e7d216606d04e4d4fb5f9ea6beb2383539b8ea725
  Gas usage: 45666
  Block Number: 2
  Block Time: Mon May 20 2019 12:18:10 GMT+0100 (BST)

Reverting to snapshot #2
Saved snapshot #2
Reverting to snapshot #2
Saved snapshot #2
Reverting to snapshot #2
Saved snapshot #2

  Transaction: 0x3d2f683abce84f6c54b407c188f19d826d9bd1e9b4099b613f9737d0a2bc8362
  Gas usage: 47074
  Block Number: 2
  Block Time: Mon May 20 2019 12:18:10 GMT+0100 (BST)


  Transaction: 0xa597ea2c2c87872eb74df9b1ad00535db38d57284c430982844f5fca921e0dab
  Gas usage: 38535
  Block Number: 3
  Block Time: Mon May 20 2019 12:18:10 GMT+0100 (BST)

Reverting to snapshot #2
Saved snapshot #2

  Transaction: 0x2cb4bdda75a4b7c3d619dc8a19680a244f709f0a665b818344511ea52bfd1663
  Gas usage: 45602
  Block Number: 2
  Block Time: Mon May 20 2019 12:18:10 GMT+0100 (BST)


  Transaction: 0xa597ea2c2c87872eb74df9b1ad00535db38d57284c430982844f5fca921e0dab
  Gas usage: 29454
  Block Number: 3
  Block Time: Mon May 20 2019 12:18:10 GMT+0100 (BST)

Reverting to snapshot #2
Saved snapshot #2

  Transaction: 0x2cb4bdda75a4b7c3d619dc8a19680a244f709f0a665b818344511ea52bfd1663
  Gas usage: 45602
  Block Number: 2
  Block Time: Mon May 20 2019 12:18:11 GMT+0100 (BST)


  Transaction: 0xa597ea2c2c87872eb74df9b1ad00535db38d57284c430982844f5fca921e0dab
  Gas usage: 29454
  Block Number: 3
  Block Time: Mon May 20 2019 12:18:11 GMT+0100 (BST)

Reverting to snapshot #2
Reverting to snapshot #1
Saved snapshot #1

  Transaction: 0x615ad490c69da2c16823f8e9aacdb3b1df972b10ae324fa59d5a7563a2769591
  Contract created: 0x1dc4c1cefef38a777b15aa20260a54e584b16c48
  Gas usage: 1097041
  Block Number: 1
  Block Time: Mon May 20 2019 13:03:28 GMT+0100 (BST)


  Transaction: 0xfbf189de52254012a0dea33c3bf169970b6a225673a3aaba9d2644835d69f44c
  Gas usage: 64757
  Block Number: 2
  Block Time: Mon May 20 2019 13:03:28 GMT+0100 (BST)

Saved snapshot #2
Reverting to snapshot #2
Saved snapshot #2

  Transaction: 0x73e4bd9f8bb4e2bbfb4abf89b32cee488f30d5d2ff1331cdcf2479b6470ad353
  Gas usage: 51208
  Block Number: 3
  Block Time: Mon May 20 2019 13:03:29 GMT+0100 (BST)

Reverting to snapshot #2
Saved snapshot #2
Reverting to snapshot #2
Saved snapshot #2

  Transaction: 0x581a51f9f3e431e7a2b5f4bfd173672b9519edb9fbc0600ef7cd40e8f64fdf27
  Gas usage: 45683
  Block Number: 3
  Block Time: Mon May 20 2019 13:03:29 GMT+0100 (BST)

Reverting to snapshot #2
Saved snapshot #2
Reverting to snapshot #2
Saved snapshot #2
Reverting to snapshot #2
Saved snapshot #2

  Transaction: 0xa1eb2e1dd90edca4cec1962c0ade6e78e26ffb4084e453ce4800b984f56624a7
  Gas usage: 47155
  Block Number: 3
  Block Time: Mon May 20 2019 13:03:29 GMT+0100 (BST)


  Transaction: 0x20f4d9f592a92f5d4481dd3d4c1646aaa2c81a5c3c1af4ee5a742752110476b0
  Gas usage: 38461
  Block Number: 4
  Block Time: Mon May 20 2019 13:03:29 GMT+0100 (BST)

Reverting to snapshot #2
Saved snapshot #2

  Transaction: 0x41f2fc820a5c693d2c4009a18c8b384b9373db874f6e93fedc5cd6f3536ca284
  Gas usage: 45619
  Block Number: 3
  Block Time: Mon May 20 2019 13:03:29 GMT+0100 (BST)


  Transaction: 0x20f4d9f592a92f5d4481dd3d4c1646aaa2c81a5c3c1af4ee5a742752110476b0
  Gas usage: 29413
  Block Number: 4
  Block Time: Mon May 20 2019 13:03:29 GMT+0100 (BST)

Reverting to snapshot #2
Saved snapshot #2

  Transaction: 0x41f2fc820a5c693d2c4009a18c8b384b9373db874f6e93fedc5cd6f3536ca284
  Gas usage: 45619
  Block Number: 3
  Block Time: Mon May 20 2019 13:03:29 GMT+0100 (BST)


  Transaction: 0x20f4d9f592a92f5d4481dd3d4c1646aaa2c81a5c3c1af4ee5a742752110476b0
  Gas usage: 29413
  Block Number: 4
  Block Time: Mon May 20 2019 13:03:29 GMT+0100 (BST)

Reverting to snapshot #2
Reverting to snapshot #1
Saved snapshot #1

  Transaction: 0x12f7309d34194c3726ad34f93e6ea84a002a2aaa981982c6b85b430b4c747839
  Contract created: 0x1dc4c1cefef38a777b15aa20260a54e584b16c48
  Gas usage: 630749
  Block Number: 1
  Block Time: Mon May 20 2019 13:03:29 GMT+0100 (BST)

Saved snapshot #2
Reverting to snapshot #2
Saved snapshot #2

  Transaction: 0xe75cf2892de436dcb9ba1f21a8b3f3d5e214f2a055fe1a8e251fca426b98ef25
  Gas usage: 43312
  Block Number: 2
  Block Time: Mon May 20 2019 13:03:29 GMT+0100 (BST)

Reverting to snapshot #2
Saved snapshot #2

  Transaction: 0x4a70b24e01984b3de51c9576f58fdbe7a25ae52663fbd0cc7fb37ad7f0862699
  Gas usage: 21976
  Block Number: 2
  Block Time: Mon May 20 2019 13:03:30 GMT+0100 (BST)
  Runtime Error: revert

Reverting to snapshot #2
Saved snapshot #2

  Transaction: 0xe75cf2892de436dcb9ba1f21a8b3f3d5e214f2a055fe1a8e251fca426b98ef25
  Gas usage: 43312
  Block Number: 2
  Block Time: Mon May 20 2019 13:03:30 GMT+0100 (BST)


  Transaction: 0xe42cb2391b9363691035750f86cf4b2c053796c7bef2723fd9a0299e15405ebc
  Gas usage: 21517
  Block Number: 3
  Block Time: Mon May 20 2019 13:03:30 GMT+0100 (BST)

Reverting to snapshot #2
Saved snapshot #2

  Transaction: 0x4793a093768397ae49a21856c48b0f9cbc0732f31664efdc7ef2cd83db4a68f9
  Gas usage: 42802
  Block Number: 2
  Block Time: Mon May 20 2019 13:03:30 GMT+0100 (BST)

Reverting to snapshot #2
Reverting to snapshot #1
Saved snapshot #1

  Transaction: 0xbc48f9d31072246c0b52bf8732ae24a6affc54454775386f08006c8bf18ba81e
  Contract created: 0x1dc4c1cefef38a777b15aa20260a54e584b16c48
  Gas usage: 610136
  Block Number: 1
  Block Time: Mon May 20 2019 13:03:30 GMT+0100 (BST)

Saved snapshot #2
Reverting to snapshot #2
Saved snapshot #2
Reverting to snapshot #2
Saved snapshot #2
Reverting to snapshot #2
Saved snapshot #2
Reverting to snapshot #2
Saved snapshot #2
Reverting to snapshot #2
Saved snapshot #2

  Transaction: 0x45666e7bcbf468a5125e8ab9c94ae0d1fed5f88c7cadccdb0c52d654dc20d2c7
  Gas usage: 51265
  Block Number: 2
  Block Time: Mon May 20 2019 13:03:30 GMT+0100 (BST)

Reverting to snapshot #2
Saved snapshot #2
Reverting to snapshot #2
Saved snapshot #2

  Transaction: 0x2be86252240ed8d703a2f54e7d216606d04e4d4fb5f9ea6beb2383539b8ea725
  Gas usage: 45666
  Block Number: 2
  Block Time: Mon May 20 2019 13:03:30 GMT+0100 (BST)

Reverting to snapshot #2
Saved snapshot #2
Reverting to snapshot #2
Saved snapshot #2
Reverting to snapshot #2
Saved snapshot #2

  Transaction: 0x3d2f683abce84f6c54b407c188f19d826d9bd1e9b4099b613f9737d0a2bc8362
  Gas usage: 47074
  Block Number: 2
  Block Time: Mon May 20 2019 13:03:30 GMT+0100 (BST)


  Transaction: 0xa597ea2c2c87872eb74df9b1ad00535db38d57284c430982844f5fca921e0dab
  Gas usage: 38535
  Block Number: 3
  Block Time: Mon May 20 2019 13:03:30 GMT+0100 (BST)

Reverting to snapshot #2
Saved snapshot #2

  Transaction: 0x2cb4bdda75a4b7c3d619dc8a19680a244f709f0a665b818344511ea52bfd1663
  Gas usage: 45602
  Block Number: 2
  Block Time: Mon May 20 2019 13:03:30 GMT+0100 (BST)


  Transaction: 0xa597ea2c2c87872eb74df9b1ad00535db38d57284c430982844f5fca921e0dab
  Gas usage: 29454
  Block Number: 3
  Block Time: Mon May 20 2019 13:03:30 GMT+0100 (BST)

Reverting to snapshot #2
Saved snapshot #2

  Transaction: 0x2cb4bdda75a4b7c3d619dc8a19680a244f709f0a665b818344511ea52bfd1663
  Gas usage: 45602
  Block Number: 2
  Block Time: Mon May 20 2019 13:03:31 GMT+0100 (BST)


  Transaction: 0xa597ea2c2c87872eb74df9b1ad00535db38d57284c430982844f5fca921e0dab
  Gas usage: 29454
  Block Number: 3
  Block Time: Mon May 20 2019 13:03:31 GMT+0100 (BST)

Reverting to snapshot #2
Reverting to snapshot #1
Saved snapshot #1

  Transaction: 0x03ad8a32afa717d528a6b7353abeb6166f30929d9f0ee83bca50a716a7b7fc40
  Contract created: 0x1dc4c1cefef38a777b15aa20260a54e584b16c48
  Gas usage: 1099389
  Block Number: 1
  Block Time: Tue Jun 04 2019 13:50:33 GMT+0100 (BST)


  Transaction: 0xfbf189de52254012a0dea33c3bf169970b6a225673a3aaba9d2644835d69f44c
  Gas usage: 64757
  Block Number: 2
  Block Time: Tue Jun 04 2019 13:50:33 GMT+0100 (BST)

Saved snapshot #2
Reverting to snapshot #2
Saved snapshot #2

  Transaction: 0x73e4bd9f8bb4e2bbfb4abf89b32cee488f30d5d2ff1331cdcf2479b6470ad353
  Gas usage: 51208
  Block Number: 3
  Block Time: Tue Jun 04 2019 13:50:33 GMT+0100 (BST)

Reverting to snapshot #2
Saved snapshot #2
Reverting to snapshot #2
Saved snapshot #2

  Transaction: 0x581a51f9f3e431e7a2b5f4bfd173672b9519edb9fbc0600ef7cd40e8f64fdf27
  Gas usage: 45683
  Block Number: 3
  Block Time: Tue Jun 04 2019 13:50:33 GMT+0100 (BST)

Reverting to snapshot #2
Saved snapshot #2
Reverting to snapshot #2
Saved snapshot #2
Reverting to snapshot #2
Saved snapshot #2

  Transaction: 0xa1eb2e1dd90edca4cec1962c0ade6e78e26ffb4084e453ce4800b984f56624a7
  Gas usage: 47155
  Block Number: 3
  Block Time: Tue Jun 04 2019 13:50:33 GMT+0100 (BST)


  Transaction: 0x20f4d9f592a92f5d4481dd3d4c1646aaa2c81a5c3c1af4ee5a742752110476b0
  Gas usage: 38461
  Block Number: 4
  Block Time: Tue Jun 04 2019 13:50:34 GMT+0100 (BST)

Reverting to snapshot #2
Saved snapshot #2

  Transaction: 0x41f2fc820a5c693d2c4009a18c8b384b9373db874f6e93fedc5cd6f3536ca284
  Gas usage: 45619
  Block Number: 3
  Block Time: Tue Jun 04 2019 13:50:34 GMT+0100 (BST)


  Transaction: 0x20f4d9f592a92f5d4481dd3d4c1646aaa2c81a5c3c1af4ee5a742752110476b0
  Gas usage: 29413
  Block Number: 4
  Block Time: Tue Jun 04 2019 13:50:34 GMT+0100 (BST)

Reverting to snapshot #2
Saved snapshot #2

  Transaction: 0x41f2fc820a5c693d2c4009a18c8b384b9373db874f6e93fedc5cd6f3536ca284
  Gas usage: 45619
  Block Number: 3
  Block Time: Tue Jun 04 2019 13:50:34 GMT+0100 (BST)


  Transaction: 0x20f4d9f592a92f5d4481dd3d4c1646aaa2c81a5c3c1af4ee5a742752110476b0
  Gas usage: 29413
  Block Number: 4
  Block Time: Tue Jun 04 2019 13:50:34 GMT+0100 (BST)

Reverting to snapshot #2
Reverting to snapshot #1
Saved snapshot #1

  Transaction: 0x12f7309d34194c3726ad34f93e6ea84a002a2aaa981982c6b85b430b4c747839
  Contract created: 0x1dc4c1cefef38a777b15aa20260a54e584b16c48
  Gas usage: 630749
  Block Number: 1
  Block Time: Tue Jun 04 2019 13:50:34 GMT+0100 (BST)

Saved snapshot #2
Reverting to snapshot #2
Saved snapshot #2

  Transaction: 0xe75cf2892de436dcb9ba1f21a8b3f3d5e214f2a055fe1a8e251fca426b98ef25
  Gas usage: 43312
  Block Number: 2
  Block Time: Tue Jun 04 2019 13:50:34 GMT+0100 (BST)

Reverting to snapshot #2
Saved snapshot #2

  Transaction: 0x4a70b24e01984b3de51c9576f58fdbe7a25ae52663fbd0cc7fb37ad7f0862699
  Gas usage: 21976
  Block Number: 2
  Block Time: Tue Jun 04 2019 13:50:34 GMT+0100 (BST)
  Runtime Error: revert

Reverting to snapshot #2
Saved snapshot #2

  Transaction: 0xe75cf2892de436dcb9ba1f21a8b3f3d5e214f2a055fe1a8e251fca426b98ef25
  Gas usage: 43312
  Block Number: 2
  Block Time: Tue Jun 04 2019 13:50:34 GMT+0100 (BST)


  Transaction: 0xe42cb2391b9363691035750f86cf4b2c053796c7bef2723fd9a0299e15405ebc
  Gas usage: 21517
  Block Number: 3
  Block Time: Tue Jun 04 2019 13:50:34 GMT+0100 (BST)

Reverting to snapshot #2
Saved snapshot #2

  Transaction: 0x4793a093768397ae49a21856c48b0f9cbc0732f31664efdc7ef2cd83db4a68f9
  Gas usage: 42802
  Block Number: 2
  Block Time: Tue Jun 04 2019 13:50:34 GMT+0100 (BST)

Reverting to snapshot #2
Reverting to snapshot #1
Saved snapshot #1

  Transaction: 0xbc48f9d31072246c0b52bf8732ae24a6affc54454775386f08006c8bf18ba81e
  Contract created: 0x1dc4c1cefef38a777b15aa20260a54e584b16c48
  Gas usage: 610136
  Block Number: 1
  Block Time: Tue Jun 04 2019 13:50:34 GMT+0100 (BST)

Saved snapshot #2
Reverting to snapshot #2
Saved snapshot #2
Reverting to snapshot #2
Saved snapshot #2
Reverting to snapshot #2
Saved snapshot #2
Reverting to snapshot #2
Saved snapshot #2
Reverting to snapshot #2
Saved snapshot #2

  Transaction: 0x45666e7bcbf468a5125e8ab9c94ae0d1fed5f88c7cadccdb0c52d654dc20d2c7
  Gas usage: 51265
  Block Number: 2
  Block Time: Tue Jun 04 2019 13:50:35 GMT+0100 (BST)

Reverting to snapshot #2
Saved snapshot #2
Reverting to snapshot #2
Saved snapshot #2

  Transaction: 0x2be86252240ed8d703a2f54e7d216606d04e4d4fb5f9ea6beb2383539b8ea725
  Gas usage: 45666
  Block Number: 2
  Block Time: Tue Jun 04 2019 13:50:35 GMT+0100 (BST)

Reverting to snapshot #2
Saved snapshot #2
Reverting to snapshot #2
Saved snapshot #2
Reverting to snapshot #2
Saved snapshot #2

  Transaction: 0x3d2f683abce84f6c54b407c188f19d826d9bd1e9b4099b613f9737d0a2bc8362
  Gas usage: 47074
  Block Number: 2
  Block Time: Tue Jun 04 2019 13:50:35 GMT+0100 (BST)


  Transaction: 0xa597ea2c2c87872eb74df9b1ad00535db38d57284c430982844f5fca921e0dab
  Gas usage: 38535
  Block Number: 3
  Block Time: Tue Jun 04 2019 13:50:35 GMT+0100 (BST)

Reverting to snapshot #2
Saved snapshot #2

  Transaction: 0x2cb4bdda75a4b7c3d619dc8a19680a244f709f0a665b818344511ea52bfd1663
  Gas usage: 45602
  Block Number: 2
  Block Time: Tue Jun 04 2019 13:50:35 GMT+0100 (BST)


  Transaction: 0xa597ea2c2c87872eb74df9b1ad00535db38d57284c430982844f5fca921e0dab
  Gas usage: 29454
  Block Number: 3
  Block Time: Tue Jun 04 2019 13:50:35 GMT+0100 (BST)

Reverting to snapshot #2
Saved snapshot #2

  Transaction: 0x2cb4bdda75a4b7c3d619dc8a19680a244f709f0a665b818344511ea52bfd1663
  Gas usage: 45602
  Block Number: 2
  Block Time: Tue Jun 04 2019 13:50:35 GMT+0100 (BST)


  Transaction: 0xa597ea2c2c87872eb74df9b1ad00535db38d57284c430982844f5fca921e0dab
  Gas usage: 29454
  Block Number: 3
  Block Time: Tue Jun 04 2019 13:50:35 GMT+0100 (BST)

Reverting to snapshot #2
Reverting to snapshot #1
