Saved snapshot #1

  Transaction: 0x3c15c815e8ad44f0ae9656f7d309cafb08342830ae0751f7939be437d8e2481e
  Contract created: 0x1dc4c1cefef38a777b15aa20260a54e584b16c48
  Gas usage: 1580428
  Block Number: 1
  Block Time: Tue Feb 19 2019 11:11:48 GMT-0800 (PST)

Saved snapshot #2
Reverting to snapshot #2
Saved snapshot #2
Reverting to snapshot #2
Saved snapshot #2
Reverting to snapshot #2
Saved snapshot #2
Reverting to snapshot #2
Saved snapshot #2
Reverting to snapshot #2
Saved snapshot #2
Reverting to snapshot #2
Saved snapshot #2
Reverting to snapshot #2
Reverting to snapshot #1
Saved snapshot #1

  Transaction: 0x3c15c815e8ad44f0ae9656f7d309cafb08342830ae0751f7939be437d8e2481e
  Contract created: 0x1dc4c1cefef38a777b15aa20260a54e584b16c48
  Gas usage: 1580428
  Block Number: 1
  Block Time: Tue Feb 19 2019 11:33:06 GMT-0800 (PST)

Saved snapshot #2
Reverting to snapshot #2
Saved snapshot #2
Reverting to snapshot #2
Saved snapshot #2
Reverting to snapshot #2
Saved snapshot #2
Reverting to snapshot #2
Saved snapshot #2
Reverting to snapshot #2
Saved snapshot #2
Reverting to snapshot #2
Saved snapshot #2
Reverting to snapshot #2
Reverting to snapshot #1
Saved snapshot #1

  Transaction: 0x3c15c815e8ad44f0ae9656f7d309cafb08342830ae0751f7939be437d8e2481e
  Contract created: 0x1dc4c1cefef38a777b15aa20260a54e584b16c48
  Gas usage: 1580428
  Block Number: 1
  Block Time: Tue Feb 19 2019 11:50:11 GMT-0800 (PST)

Saved snapshot #2
Reverting to snapshot #2
Saved snapshot #2
Reverting to snapshot #2
Saved snapshot #2
Reverting to snapshot #2
Saved snapshot #2
Reverting to snapshot #2
Saved snapshot #2
Reverting to snapshot #2
Saved snapshot #2
Reverting to snapshot #2
Saved snapshot #2
Reverting to snapshot #2
Reverting to snapshot #1
Saved snapshot #1

  Transaction: 0x3c15c815e8ad44f0ae9656f7d309cafb08342830ae0751f7939be437d8e2481e
  Contract created: 0x1dc4c1cefef38a777b15aa20260a54e584b16c48
  Gas usage: 1580428
  Block Number: 1
  Block Time: Tue Feb 19 2019 15:16:10 GMT-0800 (PST)

Saved snapshot #2
Reverting to snapshot #2
Saved snapshot #2
Reverting to snapshot #2
Saved snapshot #2
Reverting to snapshot #2
Saved snapshot #2
Reverting to snapshot #2
Saved snapshot #2
Reverting to snapshot #2
Saved snapshot #2
Reverting to snapshot #2
Saved snapshot #2
Reverting to snapshot #2
Reverting to snapshot #1
Saved snapshot #1

  Transaction: 0x3c15c815e8ad44f0ae9656f7d309cafb08342830ae0751f7939be437d8e2481e
  Contract created: 0x1dc4c1cefef38a777b15aa20260a54e584b16c48
  Gas usage: 1580428
  Block Number: 1
  Block Time: Tue Feb 19 2019 22:30:58 GMT-0800 (PST)

Saved snapshot #2
Reverting to snapshot #2
Saved snapshot #2
Reverting to snapshot #2
Saved snapshot #2
Reverting to snapshot #2
Saved snapshot #2
Reverting to snapshot #2
Saved snapshot #2
Reverting to snapshot #2
Saved snapshot #2
Reverting to snapshot #2
Saved snapshot #2
Reverting to snapshot #2
Reverting to snapshot #1
Saved snapshot #1

  Transaction: 0xee65455d3757b0eba8b1487f6fca01e4597705295c73fa49587a34124cb323f6
  Contract created: 0x1dc4c1cefef38a777b15aa20260a54e584b16c48
  Gas usage: 1163750
  Block Number: 1
  Block Time: Mon May 20 2019 11:31:27 GMT+0100 (BST)

Saved snapshot #2
Reverting to snapshot #2
Saved snapshot #2
Reverting to snapshot #2
Saved snapshot #2
Reverting to snapshot #2
Saved snapshot #2
Reverting to snapshot #2
Saved snapshot #2
Reverting to snapshot #2
Saved snapshot #2
Reverting to snapshot #2
Saved snapshot #2
Reverting to snapshot #2
Reverting to snapshot #1
Saved snapshot #1

  Transaction: 0xee65455d3757b0eba8b1487f6fca01e4597705295c73fa49587a34124cb323f6
  Contract created: 0x1dc4c1cefef38a777b15aa20260a54e584b16c48
  Gas usage: 1163750
  Block Number: 1
  Block Time: Mon May 20 2019 12:01:08 GMT+0100 (BST)

Saved snapshot #2
Reverting to snapshot #2
Saved snapshot #2
Reverting to snapshot #2
Saved snapshot #2
Reverting to snapshot #2
Saved snapshot #2
Reverting to snapshot #2
Saved snapshot #2
Reverting to snapshot #2
Saved snapshot #2
Reverting to snapshot #2
Saved snapshot #2
Reverting to snapshot #2
Reverting to snapshot #1
Saved snapshot #1

  Transaction: 0xee65455d3757b0eba8b1487f6fca01e4597705295c73fa49587a34124cb323f6
  Contract created: 0x1dc4c1cefef38a777b15aa20260a54e584b16c48
  Gas usage: 1163750
  Block Number: 1
  Block Time: Mon May 20 2019 12:18:00 GMT+0100 (BST)

Saved snapshot #2
Reverting to snapshot #2
Saved snapshot #2
Reverting to snapshot #2
Saved snapshot #2
Reverting to snapshot #2
Saved snapshot #2
Reverting to snapshot #2
Saved snapshot #2
Reverting to snapshot #2
Saved snapshot #2
Reverting to snapshot #2
Saved snapshot #2
Reverting to snapshot #2
Reverting to snapshot #1
Saved snapshot #1

  Transaction: 0xee65455d3757b0eba8b1487f6fca01e4597705295c73fa49587a34124cb323f6
  Contract created: 0x1dc4c1cefef38a777b15aa20260a54e584b16c48
  Gas usage: 1163750
  Block Number: 1
  Block Time: Mon May 20 2019 13:03:18 GMT+0100 (BST)

Saved snapshot #2
Reverting to snapshot #2
Saved snapshot #2
Reverting to snapshot #2
Saved snapshot #2
Reverting to snapshot #2
Saved snapshot #2
Reverting to snapshot #2
Saved snapshot #2
Reverting to snapshot #2
Saved snapshot #2
Reverting to snapshot #2
Saved snapshot #2
Reverting to snapshot #2
Reverting to snapshot #1
